1586241085552	mozrunner::runner	INFO	Running command: "/usr/bin/firefox" "-marionette" "-foreground" "-no-remote" "-profile" "/tmp/rust_mozprofileu3tQP7"
JavaScript error: jar:file:///usr/lib/firefox/omni.ja!/components/addonsInfo.js, line 91: SyntaxError: "0"-prefixed octal literals and octal escape sequences are deprecated; for octal literals use the "0o" prefix instead
1586241090998	Marionette	INFO	Listening on port 43997
1586241091068	Marionette	WARN	TLS certificate errors will be ignored for this session

(/usr/lib/firefox/firefox:19555): dconf-WARNING **: 14:32:14.578: Unable to open /var/lib/flatpak/exports/share/dconf/profile/user: Permission denied
*** UTM:SVC TimerManager:registerTimer called after profile-before-change notification. Ignoring timer registration for id: telemetry_modules_ping
1586241523688	mozrunner::runner	INFO	Running command: "/usr/bin/firefox" "-marionette" "-foreground" "-no-remote" "-profile" "/tmp/rust_mozprofileMf1AF8"
JavaScript error: jar:file:///usr/lib/firefox/omni.ja!/components/addonsInfo.js, line 91: SyntaxError: "0"-prefixed octal literals and octal escape sequences are deprecated; for octal literals use the "0o" prefix instead
1586241528505	Marionette	INFO	Listening on port 33771
1586241528605	Marionette	WARN	TLS certificate errors will be ignored for this session
1586242076871	mozrunner::runner	INFO	Running command: "/usr/bin/firefox" "-marionette" "-foreground" "-no-remote" "-profile" "/tmp/rust_mozprofileyD2kJJ"
JavaScript error: jar:file:///usr/lib/firefox/omni.ja!/components/addonsInfo.js, line 91: SyntaxError: "0"-prefixed octal literals and octal escape sequences are deprecated; for octal literals use the "0o" prefix instead
1586242081902	Marionette	INFO	Listening on port 46009
1586242081987	Marionette	WARN	TLS certificate errors will be ignored for this session
1586242132487	mozrunner::runner	INFO	Running command: "/usr/bin/firefox" "-marionette" "-foreground" "-no-remote" "-profile" "/tmp/rust_mozprofiledafR6Y"
JavaScript error: jar:file:///usr/lib/firefox/omni.ja!/components/addonsInfo.js, line 91: SyntaxError: "0"-prefixed octal literals and octal escape sequences are deprecated; for octal literals use the "0o" prefix instead
1586242138142	Marionette	INFO	Listening on port 37781
1586242138207	Marionette	WARN	TLS certificate errors will be ignored for this session

(/usr/lib/firefox/firefox:22726): dconf-WARNING **: 14:49:20.936: Unable to open /var/lib/flatpak/exports/share/dconf/profile/user: Permission denied
*** UTM:SVC TimerManager:registerTimer called after profile-before-change notification. Ignoring timer registration for id: telemetry_modules_ping
1586242215248	mozrunner::runner	INFO	Running command: "/usr/bin/firefox" "-marionette" "-foreground" "-no-remote" "-profile" "/tmp/rust_mozprofilekUSVaI"
JavaScript error: jar:file:///usr/lib/firefox/omni.ja!/components/addonsInfo.js, line 91: SyntaxError: "0"-prefixed octal literals and octal escape sequences are deprecated; for octal literals use the "0o" prefix instead
1586242220420	Marionette	INFO	Listening on port 46675
1586242220471	Marionette	WARN	TLS certificate errors will be ignored for this session

(/usr/lib/firefox/firefox:23014): dconf-WARNING **: 14:50:48.028: Unable to open /var/lib/flatpak/exports/share/dconf/profile/user: Permission denied
*** UTM:SVC TimerManager:registerTimer called after profile-before-change notification. Ignoring timer registration for id: telemetry_modules_ping
1586242299284	mozrunner::runner	INFO	Running command: "/usr/bin/firefox" "-marionette" "-foreground" "-no-remote" "-profile" "/tmp/rust_mozprofiledraYJk"
JavaScript error: jar:file:///usr/lib/firefox/omni.ja!/components/addonsInfo.js, line 91: SyntaxError: "0"-prefixed octal literals and octal escape sequences are deprecated; for octal literals use the "0o" prefix instead
1586242304380	Marionette	INFO	Listening on port 39407
1586242304398	Marionette	WARN	TLS certificate errors will be ignored for this session
1586242414615	mozrunner::runner	INFO	Running command: "/usr/bin/firefox" "-marionette" "-foreground" "-no-remote" "-profile" "/tmp/rust_mozprofile9LNW12"
JavaScript error: jar:file:///usr/lib/firefox/omni.ja!/components/addonsInfo.js, line 91: SyntaxError: "0"-prefixed octal literals and octal escape sequences are deprecated; for octal literals use the "0o" prefix instead
1586242419502	Marionette	INFO	Listening on port 41831
1586242419550	Marionette	WARN	TLS certificate errors will be ignored for this session

(/usr/lib/firefox/firefox:23528): dconf-WARNING **: 14:54:20.536: Unable to open /var/lib/flatpak/exports/share/dconf/profile/user: Permission denied
*** UTM:SVC TimerManager:registerTimer called after profile-before-change notification. Ignoring timer registration for id: telemetry_modules_ping
1586243116590	mozrunner::runner	INFO	Running command: "/usr/bin/firefox" "-marionette" "-foreground" "-no-remote" "-profile" "/tmp/rust_mozprofilejPzZOv"
JavaScript error: jar:file:///usr/lib/firefox/omni.ja!/components/addonsInfo.js, line 91: SyntaxError: "0"-prefixed octal literals and octal escape sequences are deprecated; for octal literals use the "0o" prefix instead
1586243121429	Marionette	INFO	Listening on port 46549
1586243121502	Marionette	WARN	TLS certificate errors will be ignored for this session

(/usr/lib/firefox/firefox:24495): dconf-WARNING **: 15:05:49.605: Unable to open /var/lib/flatpak/exports/share/dconf/profile/user: Permission denied
*** UTM:SVC TimerManager:registerTimer called after profile-before-change notification. Ignoring timer registration for id: telemetry_modules_ping
