1586413689142	mozrunner::runner	INFO	Running command: "/usr/bin/firefox" "-marionette" "-foreground" "-no-remote" "-profile" "/tmp/rust_mozprofile1mCnPd"
JavaScript error: jar:file:///usr/lib/firefox/omni.ja!/components/addonsInfo.js, line 91: SyntaxError: "0"-prefixed octal literals and octal escape sequences are deprecated; for octal literals use the "0o" prefix instead
1586413693962	Marionette	INFO	Listening on port 38047
1586413694054	Marionette	WARN	TLS certificate errors will be ignored for this session
*** UTM:SVC TimerManager:registerTimer called after profile-before-change notification. Ignoring timer registration for id: telemetry_modules_ping
1586413739032	mozrunner::runner	INFO	Running command: "/usr/bin/firefox" "-marionette" "-foreground" "-no-remote" "-profile" "/tmp/rust_mozprofileDfrW8B"
JavaScript error: jar:file:///usr/lib/firefox/omni.ja!/components/addonsInfo.js, line 91: SyntaxError: "0"-prefixed octal literals and octal escape sequences are deprecated; for octal literals use the "0o" prefix instead
1586413744162	Marionette	INFO	Listening on port 39519
1586413744251	Marionette	WARN	TLS certificate errors will be ignored for this session
*** UTM:SVC TimerManager:registerTimer called after profile-before-change notification. Ignoring timer registration for id: telemetry_modules_ping
1586413904633	mozrunner::runner	INFO	Running command: "/usr/bin/firefox" "-marionette" "-foreground" "-no-remote" "-profile" "/tmp/rust_mozprofileRXxwrP"
JavaScript error: jar:file:///usr/lib/firefox/omni.ja!/components/addonsInfo.js, line 91: SyntaxError: "0"-prefixed octal literals and octal escape sequences are deprecated; for octal literals use the "0o" prefix instead
1586413909898	Marionette	INFO	Listening on port 45153
1586413909953	Marionette	WARN	TLS certificate errors will be ignored for this session
*** UTM:SVC TimerManager:registerTimer called after profile-before-change notification. Ignoring timer registration for id: telemetry_modules_ping
1586413957537	mozrunner::runner	INFO	Running command: "/usr/bin/firefox" "-marionette" "-foreground" "-no-remote" "-profile" "/tmp/rust_mozprofilebcemHt"
JavaScript error: jar:file:///usr/lib/firefox/omni.ja!/components/addonsInfo.js, line 91: SyntaxError: "0"-prefixed octal literals and octal escape sequences are deprecated; for octal literals use the "0o" prefix instead
1586413964127	Marionette	INFO	Listening on port 36465
1586413964160	Marionette	WARN	TLS certificate errors will be ignored for this session
*** UTM:SVC TimerManager:registerTimer called after profile-before-change notification. Ignoring timer registration for id: telemetry_modules_ping
1586414441986	mozrunner::runner	INFO	Running command: "/usr/bin/firefox" "-marionette" "-foreground" "-no-remote" "-profile" "/tmp/rust_mozprofilehYN5Kp"
JavaScript error: jar:file:///usr/lib/firefox/omni.ja!/components/addonsInfo.js, line 91: SyntaxError: "0"-prefixed octal literals and octal escape sequences are deprecated; for octal literals use the "0o" prefix instead
1586414448237	Marionette	INFO	Listening on port 35097
1586414448301	Marionette	WARN	TLS certificate errors will be ignored for this session
[GFX1-]: Receive IPC close with reason=AbnormalShutdown
[Child 28505, Chrome_ChildThread] WARNING: pipe error (3): Connection reset by peer: file /build/firefox-cwOTsv/firefox-60.0.1/ipc/chromium/src/chrome/common/ipc_channel_posix.cc, line 353
[GFX1-]: Receive IPC close with reason=AbnormalShutdown
[Child 28461, Chrome_ChildThread] WARNING: pipe error (3): Connection reset by peer: file /build/firefox-cwOTsv/firefox-60.0.1/ipc/chromium/src/chrome/common/ipc_channel_posix.cc, line 353
1586414655833	mozrunner::runner	INFO	Running command: "/usr/bin/firefox" "-marionette" "-foreground" "-no-remote" "-profile" "/tmp/rust_mozprofileJFocI9"
JavaScript error: jar:file:///usr/lib/firefox/omni.ja!/components/addonsInfo.js, line 91: SyntaxError: "0"-prefixed octal literals and octal escape sequences are deprecated; for octal literals use the "0o" prefix instead
1586414662089	Marionette	INFO	Listening on port 38973
1586414662154	Marionette	WARN	TLS certificate errors will be ignored for this session
1586414722467	mozrunner::runner	INFO	Running command: "/usr/bin/firefox" "-marionette" "-foreground" "-no-remote" "-profile" "/tmp/rust_mozprofileDvOeBe"
JavaScript error: jar:file:///usr/lib/firefox/omni.ja!/components/addonsInfo.js, line 91: SyntaxError: "0"-prefixed octal literals and octal escape sequences are deprecated; for octal literals use the "0o" prefix instead
1586414728745	Marionette	INFO	Listening on port 42593
1586414728787	Marionette	WARN	TLS certificate errors will be ignored for this session
*** UTM:SVC TimerManager:registerTimer called after profile-before-change notification. Ignoring timer registration for id: telemetry_modules_ping
1586414774291	mozrunner::runner	INFO	Running command: "/usr/bin/firefox" "-marionette" "-foreground" "-no-remote" "-profile" "/tmp/rust_mozprofile3B8I7X"
JavaScript error: jar:file:///usr/lib/firefox/omni.ja!/components/addonsInfo.js, line 91: SyntaxError: "0"-prefixed octal literals and octal escape sequences are deprecated; for octal literals use the "0o" prefix instead
1586414779760	Marionette	INFO	Listening on port 43951
1586414779810	Marionette	WARN	TLS certificate errors will be ignored for this session
*** UTM:SVC TimerManager:registerTimer called after profile-before-change notification. Ignoring timer registration for id: telemetry_modules_ping
1586414855035	mozrunner::runner	INFO	Running command: "/usr/bin/firefox" "-marionette" "-foreground" "-no-remote" "-profile" "/tmp/rust_mozprofile1DXyDk"
JavaScript error: jar:file:///usr/lib/firefox/omni.ja!/components/addonsInfo.js, line 91: SyntaxError: "0"-prefixed octal literals and octal escape sequences are deprecated; for octal literals use the "0o" prefix instead
1586414861147	Marionette	INFO	Listening on port 46719
1586414861248	Marionette	WARN	TLS certificate errors will be ignored for this session
1586414964589	mozrunner::runner	INFO	Running command: "/usr/bin/firefox" "-marionette" "-foreground" "-no-remote" "-profile" "/tmp/rust_mozprofiletohDiC"
JavaScript error: jar:file:///usr/lib/firefox/omni.ja!/components/addonsInfo.js, line 91: SyntaxError: "0"-prefixed octal literals and octal escape sequences are deprecated; for octal literals use the "0o" prefix instead
1586414969647	Marionette	INFO	Listening on port 42527
1586414969705	Marionette	WARN	TLS certificate errors will be ignored for this session
1586415167906	mozrunner::runner	INFO	Running command: "/usr/bin/firefox" "-marionette" "-foreground" "-no-remote" "-profile" "/tmp/rust_mozprofilerddBg4"
JavaScript error: jar:file:///usr/lib/firefox/omni.ja!/components/addonsInfo.js, line 91: SyntaxError: "0"-prefixed octal literals and octal escape sequences are deprecated; for octal literals use the "0o" prefix instead
1586415173076	Marionette	INFO	Listening on port 39325
1586415173125	Marionette	WARN	TLS certificate errors will be ignored for this session
1586415285067	mozrunner::runner	INFO	Running command: "/usr/bin/firefox" "-marionette" "-foreground" "-no-remote" "-profile" "/tmp/rust_mozprofilesqd7Lu"
JavaScript error: jar:file:///usr/lib/firefox/omni.ja!/components/addonsInfo.js, line 91: SyntaxError: "0"-prefixed octal literals and octal escape sequences are deprecated; for octal literals use the "0o" prefix instead
1586415289990	Marionette	INFO	Listening on port 46753
1586415290080	Marionette	WARN	TLS certificate errors will be ignored for this session
*** UTM:SVC TimerManager:registerTimer called after profile-before-change notification. Ignoring timer registration for id: telemetry_modules_ping
1586415798784	mozrunner::runner	INFO	Running command: "/usr/bin/firefox" "-marionette" "-foreground" "-no-remote" "-profile" "/tmp/rust_mozprofileEceDL3"
JavaScript error: jar:file:///usr/lib/firefox/omni.ja!/components/addonsInfo.js, line 91: SyntaxError: "0"-prefixed octal literals and octal escape sequences are deprecated; for octal literals use the "0o" prefix instead
1586415805042	Marionette	INFO	Listening on port 45259
1586415805100	Marionette	WARN	TLS certificate errors will be ignored for this session
1586416053276	mozrunner::runner	INFO	Running command: "/usr/bin/firefox" "-marionette" "-foreground" "-no-remote" "-profile" "/tmp/rust_mozprofileqt7v3F"
JavaScript error: jar:file:///usr/lib/firefox/omni.ja!/components/addonsInfo.js, line 91: SyntaxError: "0"-prefixed octal literals and octal escape sequences are deprecated; for octal literals use the "0o" prefix instead
1586416058188	Marionette	INFO	Listening on port 36989
1586416058293	Marionette	WARN	TLS certificate errors will be ignored for this session
*** UTM:SVC TimerManager:registerTimer called after profile-before-change notification. Ignoring timer registration for id: telemetry_modules_ping
1586416112776	mozrunner::runner	INFO	Running command: "/usr/bin/firefox" "-marionette" "-foreground" "-no-remote" "-profile" "/tmp/rust_mozprofilexPFDaP"
JavaScript error: jar:file:///usr/lib/firefox/omni.ja!/components/addonsInfo.js, line 91: SyntaxError: "0"-prefixed octal literals and octal escape sequences are deprecated; for octal literals use the "0o" prefix instead
1586416117865	Marionette	INFO	Listening on port 38685
1586416117898	Marionette	WARN	TLS certificate errors will be ignored for this session
*** UTM:SVC TimerManager:registerTimer called after profile-before-change notification. Ignoring timer registration for id: telemetry_modules_ping
1586416840571	mozrunner::runner	INFO	Running command: "/usr/bin/firefox" "-marionette" "-foreground" "-no-remote" "-profile" "/tmp/rust_mozprofileIHehpK"
JavaScript error: jar:file:///usr/lib/firefox/omni.ja!/components/addonsInfo.js, line 91: SyntaxError: "0"-prefixed octal literals and octal escape sequences are deprecated; for octal literals use the "0o" prefix instead
1586416846135	Marionette	INFO	Listening on port 41655
1586416846195	Marionette	WARN	TLS certificate errors will be ignored for this session
*** UTM:SVC TimerManager:registerTimer called after profile-before-change notification. Ignoring timer registration for id: telemetry_modules_ping
1586416898268	mozrunner::runner	INFO	Running command: "/usr/bin/firefox" "-marionette" "-foreground" "-no-remote" "-profile" "/tmp/rust_mozprofiletTgq7I"
JavaScript error: jar:file:///usr/lib/firefox/omni.ja!/components/addonsInfo.js, line 91: SyntaxError: "0"-prefixed octal literals and octal escape sequences are deprecated; for octal literals use the "0o" prefix instead
1586416903544	Marionette	INFO	Listening on port 36129
1586416903596	Marionette	WARN	TLS certificate errors will be ignored for this session
*** UTM:SVC TimerManager:registerTimer called after profile-before-change notification. Ignoring timer registration for id: telemetry_modules_ping
1586416957220	mozrunner::runner	INFO	Running command: "/usr/bin/firefox" "-marionette" "-foreground" "-no-remote" "-profile" "/tmp/rust_mozprofileZh1q8D"
JavaScript error: jar:file:///usr/lib/firefox/omni.ja!/components/addonsInfo.js, line 91: SyntaxError: "0"-prefixed octal literals and octal escape sequences are deprecated; for octal literals use the "0o" prefix instead
1586416962932	Marionette	INFO	Listening on port 34679
1586416963032	Marionette	WARN	TLS certificate errors will be ignored for this session
*** UTM:SVC TimerManager:registerTimer called after profile-before-change notification. Ignoring timer registration for id: telemetry_modules_ping
1586417008151	mozrunner::runner	INFO	Running command: "/usr/bin/firefox" "-marionette" "-foreground" "-no-remote" "-profile" "/tmp/rust_mozprofileuD8TOs"
JavaScript error: jar:file:///usr/lib/firefox/omni.ja!/components/addonsInfo.js, line 91: SyntaxError: "0"-prefixed octal literals and octal escape sequences are deprecated; for octal literals use the "0o" prefix instead
1586417014211	Marionette	INFO	Listening on port 42385
1586417014273	Marionette	WARN	TLS certificate errors will be ignored for this session
JavaScript error: https://fs2.formsite.com/include/form/form8.js?5399682125415, line 657: ReferenceError: $ is not defined
1586417274630	mozrunner::runner	INFO	Running command: "/usr/bin/firefox" "-marionette" "-foreground" "-no-remote" "-profile" "/tmp/rust_mozprofileDMh0L3"
JavaScript error: jar:file:///usr/lib/firefox/omni.ja!/components/addonsInfo.js, line 91: SyntaxError: "0"-prefixed octal literals and octal escape sequences are deprecated; for octal literals use the "0o" prefix instead
1586417280995	Marionette	INFO	Listening on port 40171
1586417281052	Marionette	WARN	TLS certificate errors will be ignored for this session
*** UTM:SVC TimerManager:registerTimer called after profile-before-change notification. Ignoring timer registration for id: telemetry_modules_ping
1586417386641	mozrunner::runner	INFO	Running command: "/usr/bin/firefox" "-marionette" "-foreground" "-no-remote" "-profile" "/tmp/rust_mozprofilewxJjDg"
JavaScript error: jar:file:///usr/lib/firefox/omni.ja!/components/addonsInfo.js, line 91: SyntaxError: "0"-prefixed octal literals and octal escape sequences are deprecated; for octal literals use the "0o" prefix instead
1586417391982	Marionette	INFO	Listening on port 44665
1586417392053	Marionette	WARN	TLS certificate errors will be ignored for this session
JavaScript error: jar:file:///usr/lib/firefox/browser/omni.ja!/components/nsBrowserGlue.js, line 1019: NS_ERROR_FAILURE: Component returned failure code: 0x80004005 (NS_ERROR_FAILURE) [nsIAppShellService.hiddenDOMWindow]
*** UTM:SVC TimerManager:registerTimer called after profile-before-change notification. Ignoring timer registration for id: telemetry_modules_ping
1586417437757	mozrunner::runner	INFO	Running command: "/usr/bin/firefox" "-marionette" "-foreground" "-no-remote" "-profile" "/tmp/rust_mozprofileNeCeRP"
JavaScript error: jar:file:///usr/lib/firefox/omni.ja!/components/addonsInfo.js, line 91: SyntaxError: "0"-prefixed octal literals and octal escape sequences are deprecated; for octal literals use the "0o" prefix instead
1586417443273	Marionette	INFO	Listening on port 34049
1586417443287	Marionette	WARN	TLS certificate errors will be ignored for this session
*** UTM:SVC TimerManager:registerTimer called after profile-before-change notification. Ignoring timer registration for id: telemetry_modules_ping
1586417549418	mozrunner::runner	INFO	Running command: "/usr/bin/firefox" "-marionette" "-foreground" "-no-remote" "-profile" "/tmp/rust_mozprofilevz5Qqb"
JavaScript error: jar:file:///usr/lib/firefox/omni.ja!/components/addonsInfo.js, line 91: SyntaxError: "0"-prefixed octal literals and octal escape sequences are deprecated; for octal literals use the "0o" prefix instead
1586417555138	Marionette	INFO	Listening on port 33673
1586417555232	Marionette	WARN	TLS certificate errors will be ignored for this session
*** UTM:SVC TimerManager:registerTimer called after profile-before-change notification. Ignoring timer registration for id: telemetry_modules_ping
1586417998352	mozrunner::runner	INFO	Running command: "/usr/bin/firefox" "-marionette" "-foreground" "-no-remote" "-profile" "/tmp/rust_mozprofileBVh17o"
JavaScript error: jar:file:///usr/lib/firefox/omni.ja!/components/addonsInfo.js, line 91: SyntaxError: "0"-prefixed octal literals and octal escape sequences are deprecated; for octal literals use the "0o" prefix instead
1586418003281	Marionette	INFO	Listening on port 45711
1586418003363	Marionette	WARN	TLS certificate errors will be ignored for this session
*** UTM:SVC TimerManager:registerTimer called after profile-before-change notification. Ignoring timer registration for id: telemetry_modules_ping
1586418176083	mozrunner::runner	INFO	Running command: "/usr/bin/firefox" "-marionette" "-foreground" "-no-remote" "-profile" "/tmp/rust_mozprofilese66Aw"
JavaScript error: jar:file:///usr/lib/firefox/omni.ja!/components/addonsInfo.js, line 91: SyntaxError: "0"-prefixed octal literals and octal escape sequences are deprecated; for octal literals use the "0o" prefix instead
1586418181263	Marionette	INFO	Listening on port 38007
1586418181312	Marionette	WARN	TLS certificate errors will be ignored for this session
*** UTM:SVC TimerManager:registerTimer called after profile-before-change notification. Ignoring timer registration for id: telemetry_modules_ping
1586481261786	mozrunner::runner	INFO	Running command: "/usr/bin/firefox" "-marionette" "-foreground" "-no-remote" "-profile" "/tmp/rust_mozprofileT4lyTk"
JavaScript error: jar:file:///usr/lib/firefox/omni.ja!/components/addonsInfo.js, line 91: SyntaxError: "0"-prefixed octal literals and octal escape sequences are deprecated; for octal literals use the "0o" prefix instead
1586481267944	Marionette	INFO	Listening on port 40603
1586481268019	Marionette	WARN	TLS certificate errors will be ignored for this session
*** UTM:SVC TimerManager:registerTimer called after profile-before-change notification. Ignoring timer registration for id: telemetry_modules_ping
1586481455762	mozrunner::runner	INFO	Running command: "/usr/bin/firefox" "-marionette" "-foreground" "-no-remote" "-profile" "/tmp/rust_mozprofileGp4Rwf"
JavaScript error: jar:file:///usr/lib/firefox/omni.ja!/components/addonsInfo.js, line 91: SyntaxError: "0"-prefixed octal literals and octal escape sequences are deprecated; for octal literals use the "0o" prefix instead
1586481461736	Marionette	INFO	Listening on port 36311
1586481461783	Marionette	WARN	TLS certificate errors will be ignored for this session
*** UTM:SVC TimerManager:registerTimer called after profile-before-change notification. Ignoring timer registration for id: telemetry_modules_ping
1586481492294	mozrunner::runner	INFO	Running command: "/usr/bin/firefox" "-marionette" "-foreground" "-no-remote" "-profile" "/tmp/rust_mozprofileTywUzD"
JavaScript error: jar:file:///usr/lib/firefox/omni.ja!/components/addonsInfo.js, line 91: SyntaxError: "0"-prefixed octal literals and octal escape sequences are deprecated; for octal literals use the "0o" prefix instead
1586481498525	Marionette	INFO	Listening on port 45151
1586481498609	Marionette	WARN	TLS certificate errors will be ignored for this session
*** UTM:SVC TimerManager:registerTimer called after profile-before-change notification. Ignoring timer registration for id: telemetry_modules_ping
1586481558776	mozrunner::runner	INFO	Running command: "/usr/bin/firefox" "-marionette" "-foreground" "-no-remote" "-profile" "/tmp/rust_mozprofileGdy5N4"
JavaScript error: jar:file:///usr/lib/firefox/omni.ja!/components/addonsInfo.js, line 91: SyntaxError: "0"-prefixed octal literals and octal escape sequences are deprecated; for octal literals use the "0o" prefix instead
1586481565208	Marionette	INFO	Listening on port 36659
1586481565315	Marionette	WARN	TLS certificate errors will be ignored for this session
*** UTM:SVC TimerManager:registerTimer called after profile-before-change notification. Ignoring timer registration for id: telemetry_modules_ping
1586481599577	mozrunner::runner	INFO	Running command: "/usr/bin/firefox" "-marionette" "-foreground" "-no-remote" "-profile" "/tmp/rust_mozprofilePss167"
JavaScript error: jar:file:///usr/lib/firefox/omni.ja!/components/addonsInfo.js, line 91: SyntaxError: "0"-prefixed octal literals and octal escape sequences are deprecated; for octal literals use the "0o" prefix instead
1586481604836	Marionette	INFO	Listening on port 42197
1586481604889	Marionette	WARN	TLS certificate errors will be ignored for this session
*** UTM:SVC TimerManager:registerTimer called after profile-before-change notification. Ignoring timer registration for id: telemetry_modules_ping
1586481772979	mozrunner::runner	INFO	Running command: "/usr/bin/firefox" "-marionette" "-foreground" "-no-remote" "-profile" "/tmp/rust_mozprofilej9nDXc"
JavaScript error: jar:file:///usr/lib/firefox/omni.ja!/components/addonsInfo.js, line 91: SyntaxError: "0"-prefixed octal literals and octal escape sequences are deprecated; for octal literals use the "0o" prefix instead
1586481778580	Marionette	INFO	Listening on port 37733
1586481778609	Marionette	WARN	TLS certificate errors will be ignored for this session
*** UTM:SVC TimerManager:registerTimer called after profile-before-change notification. Ignoring timer registration for id: telemetry_modules_ping
1586482005915	mozrunner::runner	INFO	Running command: "/usr/bin/firefox" "-marionette" "-foreground" "-no-remote" "-profile" "/tmp/rust_mozprofileGLa9m0"
JavaScript error: jar:file:///usr/lib/firefox/omni.ja!/components/addonsInfo.js, line 91: SyntaxError: "0"-prefixed octal literals and octal escape sequences are deprecated; for octal literals use the "0o" prefix instead
1586482012920	Marionette	INFO	Listening on port 45435
1586482012952	Marionette	WARN	TLS certificate errors will be ignored for this session
*** UTM:SVC TimerManager:registerTimer called after profile-before-change notification. Ignoring timer registration for id: telemetry_modules_ping
1586482057893	mozrunner::runner	INFO	Running command: "/usr/bin/firefox" "-marionette" "-foreground" "-no-remote" "-profile" "/tmp/rust_mozprofileAUxnpY"
JavaScript error: jar:file:///usr/lib/firefox/omni.ja!/components/addonsInfo.js, line 91: SyntaxError: "0"-prefixed octal literals and octal escape sequences are deprecated; for octal literals use the "0o" prefix instead
1586482064335	Marionette	INFO	Listening on port 38219
1586482064415	Marionette	WARN	TLS certificate errors will be ignored for this session
*** UTM:SVC TimerManager:registerTimer called after profile-before-change notification. Ignoring timer registration for id: telemetry_modules_ping
